<?xml version="1.0" encoding="UTF-8"?>
<!-- Generated by org.testng.reporters.JUnitReportReporter -->
<testsuite hostname="Ravin" failures="0" tests="1" name="com.leafTabs.ui.tests.EditLead" time="65.506" errors="0" timestamp="2022-08-01T17:29:32 IST" skipped="0">
  <testcase classname="com.leafTabs.ui.tests.EditLead" name="test" time="65.506"/>
  <system-out/>
</testsuite> <!-- com.leafTabs.ui.tests.EditLead -->
