<?xml version="1.0" encoding="UTF-8"?>
<!-- Generated by org.testng.reporters.JUnitReportReporter -->
<testsuite hostname="Ravin" failures="0" tests="1" name="com.leafTabs.ui.tests.CreateLead" time="58.005" errors="0" timestamp="2022-08-01T15:10:09 IST" skipped="0">
  <testcase classname="com.leafTabs.ui.tests.CreateLead" name="test" time="58.005"/>
  <system-out/>
</testsuite> <!-- com.leafTabs.ui.tests.CreateLead -->
